<?xml version="1.0" encoding="UTF-8"?>
<testng-results ignored="0" total="1" passed="1" failed="0" skipped="0">
  <reporter-output>
  </reporter-output>
  <suite started-at="2022-12-29T21:18:11 EET" name="Default suite" finished-at="2022-12-29T21:18:16 EET" duration-ms="4480">
    <groups>
    </groups>
    <test started-at="2022-12-29T21:18:11 EET" name="Default test" finished-at="2022-12-29T21:18:16 EET" duration-ms="4480">
      <class name="RestAssured.CareferTask.VerifyTest">
        <test-method signature="CheckVerifyAPI()[pri:0, instance:RestAssured.CareferTask.VerifyTest@67080771]" started-at="2022-12-29T21:18:11 EET" name="CheckVerifyAPI" finished-at="2022-12-29T21:18:16 EET" duration-ms="4425" status="PASS">
          <reporter-output>
          </reporter-output>
        </test-method> <!-- CheckVerifyAPI -->
      </class> <!-- RestAssured.CareferTask.VerifyTest -->
    </test> <!-- Default test -->
  </suite> <!-- Default suite -->
</testng-results>
